This file contains any messages produced by compilers while
running configure, to aid debugging if configure makes a mistake.

It was created by nesromtool configure 1.00a, which was
generated by GNU Autoconf 2.60.  Invocation command line was

  $ ./configure 

## --------- ##
## Platform. ##
## --------- ##

hostname = meltphace
uname -m = i386
uname -r = 8.9.1
uname -s = Darwin
uname -v = Darwin Kernel Version 8.9.1: Thu Feb 22 20:55:00 PST 2007; root:xnu-792.18.15~1/RELEASE_I386

/usr/bin/uname -p = i386
/bin/uname -X     = unknown

/bin/arch              = unknown
/usr/bin/arch -k       = unknown
/usr/convex/getsysinfo = unknown
/usr/bin/hostinfo      = Mach kernel version:
	 Darwin Kernel Version 8.9.1: Thu Feb 22 20:55:00 PST 2007; root:xnu-792.18.15~1/RELEASE_I386
Kernel configured for up to 2 processors.
2 processors are physically available.
2 processors are logically available.
Processor type: i486 (Intel 80486)
Processors active: 0 1
Primary memory available: 2.00 gigabytes
Default processor set: 113 tasks, 307 threads, 2 processors
Load average: 1.10, Mach factor: 0.89
/bin/machine           = unknown
/usr/bin/oslevel       = unknown
/bin/universe          = unknown

PATH: /sw/bin
PATH: /sw/sbin
PATH: /bin
PATH: /sbin
PATH: /usr/bin
PATH: /usr/sbin
PATH: /usr/X11R6/bin
PATH: /usr/local/bin


## ----------- ##
## Core tests. ##
## ----------- ##

configure:1714: checking for a BSD-compatible install
configure:1770: result: /usr/bin/install -c
configure:1781: checking whether build environment is sane
configure:1824: result: yes
configure:1889: checking for gawk
configure:1919: result: no
configure:1889: checking for mawk
configure:1919: result: no
configure:1889: checking for nawk
configure:1919: result: no
configure:1889: checking for awk
configure:1905: found /usr/bin/awk
configure:1916: result: awk
configure:1927: checking whether make sets $(MAKE)
configure:1948: result: yes
configure:2180: checking for gcc
configure:2196: found /usr/bin/gcc
configure:2207: result: gcc
configure:2445: checking for C compiler version
configure:2452: gcc --version >&5
i686-apple-darwin8-gcc-4.0.1 (GCC) 4.0.1 (Apple Computer, Inc. build 5363)
Copyright (C) 2005 Free Software Foundation, Inc.
This is free software; see the source for copying conditions.  There is NO
warranty; not even for MERCHANTABILITY or FITNESS FOR A PARTICULAR PURPOSE.

configure:2455: $? = 0
configure:2462: gcc -v >&5
Using built-in specs.
Target: i686-apple-darwin8
Configured with: /private/var/tmp/gcc/gcc-5363.obj~28/src/configure --disable-checking -enable-werror --prefix=/usr --mandir=/share/man --enable-languages=c,objc,c++,obj-c++ --program-transform-name=/^[cg][^.-]*$/s/$/-4.0/ --with-gxx-include-dir=/include/c++/4.0.0 --with-slibdir=/usr/lib --build=powerpc-apple-darwin8 --with-arch=nocona --with-tune=generic --program-prefix= --host=i686-apple-darwin8 --target=i686-apple-darwin8
Thread model: posix
gcc version 4.0.1 (Apple Computer, Inc. build 5363)
configure:2465: $? = 0
configure:2472: gcc -V >&5
gcc: argument to `-V' is missing
configure:2475: $? = 1
configure:2498: checking for C compiler default output file name
configure:2525: gcc    conftest.c  >&5
configure:2528: $? = 0
configure:2574: result: a.out
configure:2579: checking whether the C compiler works
configure:2589: ./a.out
configure:2592: $? = 0
configure:2609: result: yes
configure:2616: checking whether we are cross compiling
configure:2618: result: no
configure:2621: checking for suffix of executables
configure:2628: gcc -o conftest    conftest.c  >&5
configure:2631: $? = 0
configure:2655: result: 
configure:2661: checking for suffix of object files
configure:2687: gcc -c   conftest.c >&5
configure:2690: $? = 0
configure:2713: result: o
configure:2717: checking whether we are using the GNU C compiler
configure:2746: gcc -c   conftest.c >&5
configure:2752: $? = 0
configure:2759: test -z "$ac_c_werror_flag" || test ! -s conftest.err
configure:2762: $? = 0
configure:2769: test -s conftest.o
configure:2772: $? = 0
configure:2786: result: yes
configure:2791: checking whether gcc accepts -g
configure:2821: gcc -c -g  conftest.c >&5
configure:2827: $? = 0
configure:2834: test -z "$ac_c_werror_flag" || test ! -s conftest.err
configure:2837: $? = 0
configure:2844: test -s conftest.o
configure:2847: $? = 0
configure:2977: result: yes
configure:2994: checking for gcc option to accept ISO C89
configure:3068: gcc  -c -g -O2  conftest.c >&5
configure:3074: $? = 0
configure:3081: test -z "$ac_c_werror_flag" || test ! -s conftest.err
configure:3084: $? = 0
configure:3091: test -s conftest.o
configure:3094: $? = 0
configure:3114: result: none needed
configure:3143: checking for style of include used by make
configure:3171: result: GNU
configure:3199: checking dependency style of gcc
configure:3289: result: gcc3
configure:3319: checking for a BSD-compatible install
configure:3375: result: /usr/bin/install -c
configure:3502: creating ./config.status

## ---------------------- ##
## Running config.status. ##
## ---------------------- ##

This file was extended by nesromtool config.status 1.00a, which was
generated by GNU Autoconf 2.60.  Invocation command line was

  CONFIG_FILES    = 
  CONFIG_HEADERS  = 
  CONFIG_LINKS    = 
  CONFIG_COMMANDS = 
  $ ./config.status 

on meltphace

config.status:617: creating Makefile
config.status:617: creating config.h
config.status:827: config.h is unchanged
config.status:873: executing depfiles commands

## ---------------- ##
## Cache variables. ##
## ---------------- ##

ac_cv_c_compiler_gnu=yes
ac_cv_env_CC_set=
ac_cv_env_CC_value=
ac_cv_env_CFLAGS_set=
ac_cv_env_CFLAGS_value=
ac_cv_env_CPPFLAGS_set=
ac_cv_env_CPPFLAGS_value=
ac_cv_env_LDFLAGS_set=
ac_cv_env_LDFLAGS_value=
ac_cv_env_build_alias_set=
ac_cv_env_build_alias_value=
ac_cv_env_host_alias_set=
ac_cv_env_host_alias_value=
ac_cv_env_target_alias_set=
ac_cv_env_target_alias_value=
ac_cv_objext=o
ac_cv_path_install='/usr/bin/install -c'
ac_cv_prog_AWK=awk
ac_cv_prog_ac_ct_CC=gcc
ac_cv_prog_cc_c89=
ac_cv_prog_cc_g=yes
ac_cv_prog_make_make_set=yes
am_cv_CC_dependencies_compiler_type=gcc3

## ----------------- ##
## Output variables. ##
## ----------------- ##

ACLOCAL='${SHELL} /Users/spike/svn/nesromtool/trunk/config/missing --run aclocal-1.9'
AMDEPBACKSLASH='\'
AMDEP_FALSE='#'
AMDEP_TRUE=''
AMTAR='${SHELL} /Users/spike/svn/nesromtool/trunk/config/missing --run tar'
AUTOCONF='${SHELL} /Users/spike/svn/nesromtool/trunk/config/missing --run autoconf'
AUTOHEADER='${SHELL} /Users/spike/svn/nesromtool/trunk/config/missing --run autoheader'
AUTOMAKE='${SHELL} /Users/spike/svn/nesromtool/trunk/config/missing --run automake-1.9'
AWK='awk'
CC='gcc'
CCDEPMODE='depmode=gcc3'
CFLAGS='-g -O2'
CPPFLAGS=''
CYGPATH_W='echo'
DEFS='-DHAVE_CONFIG_H'
DEPDIR='.deps'
ECHO_C=''
ECHO_N='-n'
ECHO_T=''
EXEEXT=''
INSTALL_DATA='${INSTALL} -m 644'
INSTALL_PROGRAM='${INSTALL}'
INSTALL_SCRIPT='${INSTALL}'
INSTALL_STRIP_PROGRAM='${SHELL} $(install_sh) -c -s'
LDFLAGS=''
LIBOBJS=''
LIBS=''
LTLIBOBJS=''
MAKEINFO='${SHELL} /Users/spike/svn/nesromtool/trunk/config/missing --run makeinfo'
OBJEXT='o'
PACKAGE='nesromtool'
PACKAGE_BUGREPORT='Spike Grobstein <spike@sadistech.com>'
PACKAGE_NAME='nesromtool'
PACKAGE_STRING='nesromtool 1.00a'
PACKAGE_TARNAME='nesromtool'
PACKAGE_VERSION='1.00a'
PATH_SEPARATOR=':'
SET_MAKE=''
SHELL='/bin/sh'
STRIP=''
VERSION='1.00a'
ac_ct_CC='gcc'
am__fastdepCC_FALSE='#'
am__fastdepCC_TRUE=''
am__include='include'
am__leading_dot='.'
am__quote=''
am__tar='${AMTAR} chof - "$$tardir"'
am__untar='${AMTAR} xf -'
bindir='${exec_prefix}/bin'
build_alias=''
datadir='${datarootdir}'
datarootdir='${prefix}/share'
docdir='${datarootdir}/doc/${PACKAGE_TARNAME}'
dvidir='${docdir}'
exec_prefix='${prefix}'
host_alias=''
htmldir='${docdir}'
includedir='${prefix}/include'
infodir='${datarootdir}/info'
install_sh='/Users/spike/svn/nesromtool/trunk/config/install-sh'
libdir='${exec_prefix}/lib'
libexecdir='${exec_prefix}/libexec'
localedir='${datarootdir}/locale'
localstatedir='${prefix}/var'
mandir='${datarootdir}/man'
mkdir_p='$(install_sh) -d'
oldincludedir='/usr/include'
pdfdir='${docdir}'
prefix='/usr/local'
program_transform_name='s,x,x,'
psdir='${docdir}'
sbindir='${exec_prefix}/sbin'
sharedstatedir='${prefix}/com'
sysconfdir='${prefix}/etc'
target_alias=''

## ----------- ##
## confdefs.h. ##
## ----------- ##

#define PACKAGE_NAME "nesromtool"
#define PACKAGE_TARNAME "nesromtool"
#define PACKAGE_VERSION "1.00a"
#define PACKAGE_STRING "nesromtool 1.00a"
#define PACKAGE_BUGREPORT "Spike Grobstein <spike@sadistech.com>"
#define PACKAGE "nesromtool"
#define VERSION "1.00a"

configure: exit 0
